BUILD ONLY — MPS REMAINS BLOCKED
============================================================
2026-04-13 03:05:02,628 [INFO] API key loaded: 878a2871...
BUILD ONLY — MPS REMAINS BLOCKED
2026-04-13 03:05:02,629 [INFO] Building game manifest...
2026-04-13 03:05:02,751 [INFO] Loaded context table: 9715 games, seasons [2022, 2023, 2024, 2025]
2026-04-13 03:05:03,755 [INFO] Manifest saved: 9715 games → /root/mlb-model/research/recovery/mlb_totals_context_engine_v1/mps_historical_acquisition/mps_source_game_manifest_2022_2025.csv

Manifest summary:
  Total games: 9715
  By season: {2022: 2430, 2023: 2430, 2024: 2427, 2025: 2428}
  Day games: 3697 (38.1%)
  Evening games: 6018 (61.9%)
2026-04-13 03:05:03,760 [INFO] Game universe: 9715 games, seasons [2022, 2023, 2024, 2025]
2026-04-13 03:05:03,763 [INFO] Games remaining: 9715 / 9715
/root/mlb-model/research/recovery/mlb_totals_context_engine_v1/mps_historical_acquisition/build_mps_snapshots.py:475: DeprecationWarning: datetime.datetime.utcnow() is deprecated and scheduled for removal in a future version. Use timezone-aware objects to represent datetimes in UTC: datetime.datetime.now(datetime.UTC).
  credits_log.append({"ts": datetime.utcnow().isoformat(),
/root/mlb-model/research/recovery/mlb_totals_context_engine_v1/mps_historical_acquisition/build_mps_snapshots.py:503: DeprecationWarning: datetime.datetime.utcnow() is deprecated and scheduled for removal in a future version. Use timezone-aware objects to represent datetimes in UTC: datetime.datetime.now(datetime.UTC).
  credits_log.append({"ts": datetime.utcnow().isoformat(),
2026-04-13 03:05:42,727 [INFO]   Progress: 25/9715 games | calls=50 | credits_remaining=4357291 | rate=1.28 calls/s | ETA=252min
2026-04-13 03:06:21,679 [INFO]   Progress: 50/9715 games | calls=100 | credits_remaining=4356791 | rate=1.28 calls/s | ETA=251min
2026-04-13 03:07:00,107 [INFO]   Progress: 75/9715 games | calls=150 | credits_remaining=4356291 | rate=1.29 calls/s | ETA=249min
2026-04-13 03:07:39,447 [INFO]   Progress: 100/9715 games | calls=200 | credits_remaining=4355791 | rate=1.28 calls/s | ETA=249min
2026-04-13 03:07:39,470 [INFO]   Checkpoint saved at 100 games
2026-04-13 03:08:18,601 [INFO]   Progress: 125/9715 games | calls=250 | credits_remaining=4355291 | rate=1.28 calls/s | ETA=249min
2026-04-13 03:08:56,827 [INFO]   Progress: 150/9715 games | calls=300 | credits_remaining=4354791 | rate=1.29 calls/s | ETA=248min
2026-04-13 03:09:37,373 [INFO]   Progress: 175/9715 games | calls=350 | credits_remaining=4354291 | rate=1.28 calls/s | ETA=249min
2026-04-13 03:10:20,286 [INFO]   Progress: 200/9715 games | calls=400 | credits_remaining=4353791 | rate=1.26 calls/s | ETA=251min
2026-04-13 03:10:20,323 [INFO]   Checkpoint saved at 200 games
2026-04-13 03:10:59,887 [INFO]   Progress: 225/9715 games | calls=450 | credits_remaining=4353291 | rate=1.26 calls/s | ETA=250min
2026-04-13 03:11:38,894 [INFO]   Progress: 250/9715 games | calls=500 | credits_remaining=4352791 | rate=1.27 calls/s | ETA=249min
2026-04-13 03:12:17,515 [INFO]   Progress: 275/9715 games | calls=550 | credits_remaining=4352291 | rate=1.27 calls/s | ETA=248min
2026-04-13 03:12:56,414 [INFO]   Progress: 300/9715 games | calls=600 | credits_remaining=4351791 | rate=1.27 calls/s | ETA=247min
2026-04-13 03:12:56,481 [INFO]   Checkpoint saved at 300 games
2026-04-13 03:13:35,352 [INFO]   Progress: 325/9715 games | calls=650 | credits_remaining=4351291 | rate=1.27 calls/s | ETA=246min
2026-04-13 03:14:13,802 [INFO]   Progress: 350/9715 games | calls=700 | credits_remaining=4350791 | rate=1.27 calls/s | ETA=245min
2026-04-13 03:14:51,968 [INFO]   Progress: 375/9715 games | calls=750 | credits_remaining=4350291 | rate=1.28 calls/s | ETA=244min
2026-04-13 03:15:32,859 [INFO]   Progress: 400/9715 games | calls=800 | credits_remaining=4349791 | rate=1.27 calls/s | ETA=244min
2026-04-13 03:15:32,940 [INFO]   Checkpoint saved at 400 games
2026-04-13 03:16:11,495 [INFO]   Progress: 425/9715 games | calls=850 | credits_remaining=4349291 | rate=1.27 calls/s | ETA=243min
2026-04-13 03:16:50,103 [INFO]   Progress: 450/9715 games | calls=900 | credits_remaining=4348791 | rate=1.27 calls/s | ETA=242min
2026-04-13 03:17:28,576 [INFO]   Progress: 475/9715 games | calls=950 | credits_remaining=4348291 | rate=1.28 calls/s | ETA=241min
2026-04-13 03:18:08,941 [INFO]   Progress: 500/9715 games | calls=1000 | credits_remaining=4347791 | rate=1.27 calls/s | ETA=241min
2026-04-13 03:18:09,052 [INFO]   Checkpoint saved at 500 games
2026-04-13 03:18:47,810 [INFO]   Progress: 525/9715 games | calls=1050 | credits_remaining=4347291 | rate=1.27 calls/s | ETA=240min
2026-04-13 03:19:26,986 [INFO]   Progress: 550/9715 games | calls=1100 | credits_remaining=4346791 | rate=1.27 calls/s | ETA=240min
2026-04-13 03:20:05,361 [INFO]   Progress: 575/9715 games | calls=1150 | credits_remaining=4346291 | rate=1.28 calls/s | ETA=239min
2026-04-13 03:20:43,881 [INFO]   Progress: 600/9715 games | calls=1200 | credits_remaining=4345791 | rate=1.28 calls/s | ETA=238min
2026-04-13 03:20:43,992 [INFO]   Checkpoint saved at 600 games
2026-04-13 03:21:22,679 [INFO]   Progress: 625/9715 games | calls=1250 | credits_remaining=4345291 | rate=1.28 calls/s | ETA=237min
2026-04-13 03:22:01,989 [INFO]   Progress: 650/9715 games | calls=1300 | credits_remaining=4344791 | rate=1.28 calls/s | ETA=237min
2026-04-13 03:22:40,199 [INFO]   Progress: 675/9715 games | calls=1350 | credits_remaining=4344291 | rate=1.28 calls/s | ETA=236min
2026-04-13 03:23:19,506 [INFO]   Progress: 700/9715 games | calls=1400 | credits_remaining=4343791 | rate=1.28 calls/s | ETA=235min
2026-04-13 03:23:19,657 [INFO]   Checkpoint saved at 700 games
2026-04-13 03:23:57,752 [INFO]   Progress: 725/9715 games | calls=1450 | credits_remaining=4343291 | rate=1.28 calls/s | ETA=234min
2026-04-13 03:24:37,093 [INFO]   Progress: 750/9715 games | calls=1500 | credits_remaining=4342791 | rate=1.28 calls/s | ETA=234min
2026-04-13 03:25:15,664 [INFO]   Progress: 775/9715 games | calls=1550 | credits_remaining=4342291 | rate=1.28 calls/s | ETA=233min
2026-04-13 03:25:55,111 [INFO]   Progress: 800/9715 games | calls=1600 | credits_remaining=4341791 | rate=1.28 calls/s | ETA=232min
2026-04-13 03:25:55,264 [INFO]   Checkpoint saved at 800 games
2026-04-13 03:26:34,279 [INFO]   Progress: 825/9715 games | calls=1650 | credits_remaining=4341291 | rate=1.28 calls/s | ETA=232min
2026-04-13 03:27:13,218 [INFO]   Progress: 850/9715 games | calls=1700 | credits_remaining=4340791 | rate=1.28 calls/s | ETA=231min
2026-04-13 03:27:52,890 [INFO]   Progress: 875/9715 games | calls=1750 | credits_remaining=4340291 | rate=1.28 calls/s | ETA=231min
2026-04-13 03:28:32,358 [INFO]   Progress: 900/9715 games | calls=1800 | credits_remaining=4339791 | rate=1.28 calls/s | ETA=230min
2026-04-13 03:28:32,550 [INFO]   Checkpoint saved at 900 games
2026-04-13 03:29:11,700 [INFO]   Progress: 925/9715 games | calls=1850 | credits_remaining=4339291 | rate=1.28 calls/s | ETA=229min
2026-04-13 03:29:50,592 [INFO]   Progress: 950/9715 games | calls=1900 | credits_remaining=4338791 | rate=1.28 calls/s | ETA=229min
2026-04-13 03:30:35,147 [INFO]   Progress: 975/9715 games | calls=1950 | credits_remaining=4338291 | rate=1.27 calls/s | ETA=229min
2026-04-13 03:31:13,556 [INFO]   Progress: 1000/9715 games | calls=2000 | credits_remaining=4337791 | rate=1.27 calls/s | ETA=228min
2026-04-13 03:31:13,776 [INFO]   Checkpoint saved at 1000 games
2026-04-13 03:31:52,148 [INFO]   Progress: 1025/9715 games | calls=2050 | credits_remaining=4337291 | rate=1.27 calls/s | ETA=227min
2026-04-13 03:32:33,309 [INFO]   Progress: 1050/9715 games | calls=2100 | credits_remaining=4336791 | rate=1.27 calls/s | ETA=227min
2026-04-13 03:33:12,381 [INFO]   Progress: 1075/9715 games | calls=2150 | credits_remaining=4336291 | rate=1.27 calls/s | ETA=226min
2026-04-13 03:33:50,691 [INFO]   Progress: 1100/9715 games | calls=2200 | credits_remaining=4335791 | rate=1.27 calls/s | ETA=225min
2026-04-13 03:33:50,916 [INFO]   Checkpoint saved at 1100 games
2026-04-13 03:34:29,554 [INFO]   Progress: 1125/9715 games | calls=2250 | credits_remaining=4335291 | rate=1.27 calls/s | ETA=225min
2026-04-13 03:35:09,047 [INFO]   Progress: 1150/9715 games | calls=2300 | credits_remaining=4334791 | rate=1.27 calls/s | ETA=224min
2026-04-13 03:35:48,252 [INFO]   Progress: 1175/9715 games | calls=2350 | credits_remaining=4334291 | rate=1.27 calls/s | ETA=223min
2026-04-13 03:36:27,804 [INFO]   Progress: 1200/9715 games | calls=2400 | credits_remaining=4333791 | rate=1.27 calls/s | ETA=223min
2026-04-13 03:36:28,064 [INFO]   Checkpoint saved at 1200 games
2026-04-13 03:37:07,041 [INFO]   Progress: 1225/9715 games | calls=2450 | credits_remaining=4333291 | rate=1.27 calls/s | ETA=222min
2026-04-13 03:37:45,178 [INFO]   Progress: 1250/9715 games | calls=2500 | credits_remaining=4332791 | rate=1.27 calls/s | ETA=221min
2026-04-13 03:38:24,145 [INFO]   Progress: 1275/9715 games | calls=2550 | credits_remaining=4332291 | rate=1.27 calls/s | ETA=221min
2026-04-13 03:39:02,119 [INFO]   Progress: 1300/9715 games | calls=2600 | credits_remaining=4331791 | rate=1.28 calls/s | ETA=220min
2026-04-13 03:39:02,440 [INFO]   Checkpoint saved at 1300 games
2026-04-13 03:39:42,314 [INFO]   Progress: 1325/9715 games | calls=2650 | credits_remaining=4331291 | rate=1.27 calls/s | ETA=219min
2026-04-13 03:40:21,168 [INFO]   Progress: 1350/9715 games | calls=2700 | credits_remaining=4330791 | rate=1.28 calls/s | ETA=219min
2026-04-13 03:40:59,598 [INFO]   Progress: 1375/9715 games | calls=2750 | credits_remaining=4330291 | rate=1.28 calls/s | ETA=218min
2026-04-13 03:41:39,033 [INFO]   Progress: 1400/9715 games | calls=2800 | credits_remaining=4329791 | rate=1.28 calls/s | ETA=217min
2026-04-13 03:41:39,317 [INFO]   Checkpoint saved at 1400 games
2026-04-13 03:42:19,353 [INFO]   Progress: 1425/9715 games | calls=2850 | credits_remaining=4329291 | rate=1.27 calls/s | ETA=217min
2026-04-13 03:42:57,819 [INFO]   Progress: 1450/9715 games | calls=2900 | credits_remaining=4328791 | rate=1.28 calls/s | ETA=216min
2026-04-13 03:43:38,296 [INFO]   Progress: 1475/9715 games | calls=2950 | credits_remaining=4328291 | rate=1.27 calls/s | ETA=215min
2026-04-13 03:44:18,343 [INFO]   Progress: 1500/9715 games | calls=3000 | credits_remaining=4327791 | rate=1.27 calls/s | ETA=215min
2026-04-13 03:44:18,687 [INFO]   Checkpoint saved at 1500 games
2026-04-13 03:44:59,019 [INFO]   Progress: 1525/9715 games | calls=3050 | credits_remaining=4327291 | rate=1.27 calls/s | ETA=214min
2026-04-13 03:45:39,084 [INFO]   Progress: 1550/9715 games | calls=3100 | credits_remaining=4326791 | rate=1.27 calls/s | ETA=214min
2026-04-13 03:46:17,875 [INFO]   Progress: 1575/9715 games | calls=3150 | credits_remaining=4326291 | rate=1.27 calls/s | ETA=213min
2026-04-13 03:46:56,987 [INFO]   Progress: 1600/9715 games | calls=3200 | credits_remaining=4325791 | rate=1.27 calls/s | ETA=212min
2026-04-13 03:46:57,333 [INFO]   Checkpoint saved at 1600 games
2026-04-13 03:47:37,073 [INFO]   Progress: 1625/9715 games | calls=3250 | credits_remaining=4325291 | rate=1.27 calls/s | ETA=212min
2026-04-13 03:48:16,194 [INFO]   Progress: 1650/9715 games | calls=3300 | credits_remaining=4324791 | rate=1.27 calls/s | ETA=211min
2026-04-13 03:48:55,881 [INFO]   Progress: 1675/9715 games | calls=3350 | credits_remaining=4324291 | rate=1.27 calls/s | ETA=211min
2026-04-13 03:49:35,231 [INFO]   Progress: 1700/9715 games | calls=3400 | credits_remaining=4323791 | rate=1.27 calls/s | ETA=210min
2026-04-13 03:49:35,570 [INFO]   Checkpoint saved at 1700 games
2026-04-13 03:50:15,860 [INFO]   Progress: 1725/9715 games | calls=3450 | credits_remaining=4323291 | rate=1.27 calls/s | ETA=209min
2026-04-13 03:50:56,357 [INFO]   Progress: 1750/9715 games | calls=3500 | credits_remaining=4322791 | rate=1.27 calls/s | ETA=209min
2026-04-13 03:51:36,995 [INFO]   Progress: 1775/9715 games | calls=3550 | credits_remaining=4322291 | rate=1.27 calls/s | ETA=208min
2026-04-13 03:52:15,960 [INFO]   Progress: 1800/9715 games | calls=3600 | credits_remaining=4321791 | rate=1.27 calls/s | ETA=208min
2026-04-13 03:52:16,296 [INFO]   Checkpoint saved at 1800 games
2026-04-13 03:52:55,519 [INFO]   Progress: 1825/9715 games | calls=3650 | credits_remaining=4321291 | rate=1.27 calls/s | ETA=207min
2026-04-13 03:53:35,263 [INFO]   Progress: 1850/9715 games | calls=3700 | credits_remaining=4320791 | rate=1.27 calls/s | ETA=206min
2026-04-13 03:54:14,430 [INFO]   Progress: 1875/9715 games | calls=3750 | credits_remaining=4320291 | rate=1.27 calls/s | ETA=206min
2026-04-13 03:54:55,043 [INFO]   Progress: 1900/9715 games | calls=3800 | credits_remaining=4319791 | rate=1.27 calls/s | ETA=205min
2026-04-13 03:54:55,458 [INFO]   Checkpoint saved at 1900 games
2026-04-13 03:55:35,972 [INFO]   Progress: 1925/9715 games | calls=3850 | credits_remaining=4319291 | rate=1.27 calls/s | ETA=205min
2026-04-13 03:56:15,346 [INFO]   Progress: 1950/9715 games | calls=3900 | credits_remaining=4318791 | rate=1.27 calls/s | ETA=204min
2026-04-13 03:56:55,038 [INFO]   Progress: 1975/9715 games | calls=3950 | credits_remaining=4318291 | rate=1.27 calls/s | ETA=203min
2026-04-13 03:57:35,004 [INFO]   Progress: 2000/9715 games | calls=4000 | credits_remaining=4317791 | rate=1.27 calls/s | ETA=203min
2026-04-13 03:57:35,451 [INFO]   Checkpoint saved at 2000 games
2026-04-13 03:58:14,420 [INFO]   Progress: 2025/9715 games | calls=4050 | credits_remaining=4317291 | rate=1.27 calls/s | ETA=202min
2026-04-13 03:58:53,618 [INFO]   Progress: 2050/9715 games | calls=4100 | credits_remaining=4316791 | rate=1.27 calls/s | ETA=201min
2026-04-13 03:59:34,151 [INFO]   Progress: 2075/9715 games | calls=4150 | credits_remaining=4316291 | rate=1.27 calls/s | ETA=201min
2026-04-13 04:00:24,019 [INFO]   Progress: 2100/9715 games | calls=4200 | credits_remaining=4315791 | rate=1.26 calls/s | ETA=201min
2026-04-13 04:00:24,731 [INFO]   Checkpoint saved at 2100 games
2026-04-13 04:01:04,482 [INFO]   Progress: 2125/9715 games | calls=4250 | credits_remaining=4315291 | rate=1.26 calls/s | ETA=200min
2026-04-13 04:01:42,984 [INFO]   Progress: 2150/9715 games | calls=4300 | credits_remaining=4314791 | rate=1.26 calls/s | ETA=199min
2026-04-13 04:02:21,224 [INFO]   Progress: 2175/9715 games | calls=4350 | credits_remaining=4314291 | rate=1.27 calls/s | ETA=199min
2026-04-13 04:03:00,996 [INFO]   Progress: 2200/9715 games | calls=4400 | credits_remaining=4313791 | rate=1.27 calls/s | ETA=198min
2026-04-13 04:03:01,465 [INFO]   Checkpoint saved at 2200 games
2026-04-13 04:03:42,097 [INFO]   Progress: 2225/9715 games | calls=4450 | credits_remaining=4313291 | rate=1.26 calls/s | ETA=197min
2026-04-13 04:04:21,921 [INFO]   Progress: 2250/9715 games | calls=4500 | credits_remaining=4312791 | rate=1.26 calls/s | ETA=197min
2026-04-13 04:05:02,646 [INFO]   Progress: 2275/9715 games | calls=4550 | credits_remaining=4312291 | rate=1.26 calls/s | ETA=196min
2026-04-13 04:05:43,125 [INFO]   Progress: 2300/9715 games | calls=4600 | credits_remaining=4311791 | rate=1.26 calls/s | ETA=196min
2026-04-13 04:05:43,660 [INFO]   Checkpoint saved at 2300 games
2026-04-13 04:06:25,706 [INFO]   Progress: 2325/9715 games | calls=4650 | credits_remaining=4311291 | rate=1.26 calls/s | ETA=195min
2026-04-13 04:07:06,308 [INFO]   Progress: 2350/9715 games | calls=4700 | credits_remaining=4310791 | rate=1.26 calls/s | ETA=194min
2026-04-13 04:07:47,912 [INFO]   Progress: 2375/9715 games | calls=4750 | credits_remaining=4310291 | rate=1.26 calls/s | ETA=194min
2026-04-13 04:08:28,915 [INFO]   Progress: 2400/9715 games | calls=4800 | credits_remaining=4309791 | rate=1.26 calls/s | ETA=193min
2026-04-13 04:08:29,435 [INFO]   Checkpoint saved at 2400 games
2026-04-13 04:09:09,961 [INFO]   Progress: 2425/9715 games | calls=4850 | credits_remaining=4309291 | rate=1.26 calls/s | ETA=193min
2026-04-13 04:09:50,489 [INFO]   Progress: 2450/9715 games | calls=4900 | credits_remaining=4308791 | rate=1.26 calls/s | ETA=192min
2026-04-13 04:10:34,873 [INFO]   Progress: 2475/9715 games | calls=4950 | credits_remaining=4308291 | rate=1.26 calls/s | ETA=192min
2026-04-13 04:11:18,245 [INFO]   Progress: 2500/9715 games | calls=5000 | credits_remaining=4307791 | rate=1.26 calls/s | ETA=191min
2026-04-13 04:11:18,808 [INFO]   Checkpoint saved at 2500 games
2026-04-13 04:12:01,539 [INFO]   Progress: 2525/9715 games | calls=5050 | credits_remaining=4307291 | rate=1.26 calls/s | ETA=191min
2026-04-13 04:12:44,243 [INFO]   Progress: 2550/9715 games | calls=5100 | credits_remaining=4306791 | rate=1.26 calls/s | ETA=190min
2026-04-13 04:13:27,245 [INFO]   Progress: 2575/9715 games | calls=5150 | credits_remaining=4306291 | rate=1.26 calls/s | ETA=190min
2026-04-13 04:14:10,669 [INFO]   Progress: 2600/9715 games | calls=5200 | credits_remaining=4305791 | rate=1.25 calls/s | ETA=189min
2026-04-13 04:14:11,189 [INFO]   Checkpoint saved at 2600 games
2026-04-13 04:14:53,570 [INFO]   Progress: 2625/9715 games | calls=5250 | credits_remaining=4305291 | rate=1.25 calls/s | ETA=189min
2026-04-13 04:15:37,586 [INFO]   Progress: 2650/9715 games | calls=5300 | credits_remaining=4304791 | rate=1.25 calls/s | ETA=188min
2026-04-13 04:16:20,490 [INFO]   Progress: 2675/9715 games | calls=5350 | credits_remaining=4304291 | rate=1.25 calls/s | ETA=188min
2026-04-13 04:17:04,586 [INFO]   Progress: 2700/9715 games | calls=5400 | credits_remaining=4303791 | rate=1.25 calls/s | ETA=187min
2026-04-13 04:17:05,171 [INFO]   Checkpoint saved at 2700 games
2026-04-13 04:17:47,956 [INFO]   Progress: 2725/9715 games | calls=5450 | credits_remaining=4303291 | rate=1.25 calls/s | ETA=187min
2026-04-13 04:18:32,912 [INFO]   Progress: 2750/9715 games | calls=5500 | credits_remaining=4302791 | rate=1.25 calls/s | ETA=186min
2026-04-13 04:19:16,193 [INFO]   Progress: 2775/9715 games | calls=5550 | credits_remaining=4302291 | rate=1.25 calls/s | ETA=186min
2026-04-13 04:19:58,482 [INFO]   Progress: 2800/9715 games | calls=5600 | credits_remaining=4301791 | rate=1.25 calls/s | ETA=185min
2026-04-13 04:19:59,097 [INFO]   Checkpoint saved at 2800 games
2026-04-13 04:20:42,535 [INFO]   Progress: 2825/9715 games | calls=5650 | credits_remaining=4301291 | rate=1.24 calls/s | ETA=184min
2026-04-13 04:21:25,873 [INFO]   Progress: 2850/9715 games | calls=5700 | credits_remaining=4300791 | rate=1.24 calls/s | ETA=184min
2026-04-13 04:22:09,477 [INFO]   Progress: 2875/9715 games | calls=5750 | credits_remaining=4300291 | rate=1.24 calls/s | ETA=183min
2026-04-13 04:22:51,955 [INFO]   Progress: 2900/9715 games | calls=5800 | credits_remaining=4299791 | rate=1.24 calls/s | ETA=183min
2026-04-13 04:22:52,575 [INFO]   Checkpoint saved at 2900 games
2026-04-13 04:23:37,580 [INFO]   Progress: 2925/9715 games | calls=5850 | credits_remaining=4299291 | rate=1.24 calls/s | ETA=182min
2026-04-13 04:24:21,578 [INFO]   Progress: 2950/9715 games | calls=5900 | credits_remaining=4298791 | rate=1.24 calls/s | ETA=182min
2026-04-13 04:25:06,329 [INFO]   Progress: 2975/9715 games | calls=5950 | credits_remaining=4298291 | rate=1.24 calls/s | ETA=181min
2026-04-13 04:25:49,389 [INFO]   Progress: 3000/9715 games | calls=6000 | credits_remaining=4297791 | rate=1.24 calls/s | ETA=181min
2026-04-13 04:25:50,028 [INFO]   Checkpoint saved at 3000 games
2026-04-13 04:26:33,909 [INFO]   Progress: 3025/9715 games | calls=6050 | credits_remaining=4297291 | rate=1.24 calls/s | ETA=180min
2026-04-13 04:27:16,212 [INFO]   Progress: 3050/9715 games | calls=6100 | credits_remaining=4296791 | rate=1.24 calls/s | ETA=180min
2026-04-13 04:28:00,441 [INFO]   Progress: 3075/9715 games | calls=6150 | credits_remaining=4296291 | rate=1.24 calls/s | ETA=179min
2026-04-13 04:28:43,511 [INFO]   Progress: 3100/9715 games | calls=6200 | credits_remaining=4295791 | rate=1.24 calls/s | ETA=179min
2026-04-13 04:28:44,134 [INFO]   Checkpoint saved at 3100 games
2026-04-13 04:29:27,752 [INFO]   Progress: 3125/9715 games | calls=6250 | credits_remaining=4295291 | rate=1.23 calls/s | ETA=178min
